TN:
SF:js/analise-tendencias.js
FN:7,carregar
FN:29,agruparPorMes
FN:31,(anonymous_2)
FN:38,(anonymous_3)
FN:42,agruparPorDiaSemana
FN:46,(anonymous_5)
FN:51,(anonymous_6)
FN:54,render
FN:65,(anonymous_8)
FN:66,(anonymous_9)
FN:71,(anonymous_10)
FN:77,(anonymous_11)
FN:87,(anonymous_12)
FN:93,(anonymous_13)
FN:100,(anonymous_14)
FN:108,(anonymous_15)
FN:113,(anonymous_16)
FN:160,(anonymous_17)
FN:161,(anonymous_18)
FN:210,(anonymous_19)
FN:211,(anonymous_20)
FNF:21
FNH:0
FNDA:0,carregar
FNDA:0,agruparPorMes
FNDA:0,(anonymous_2)
FNDA:0,(anonymous_3)
FNDA:0,agruparPorDiaSemana
FNDA:0,(anonymous_5)
FNDA:0,(anonymous_6)
FNDA:0,render
FNDA:0,(anonymous_8)
FNDA:0,(anonymous_9)
FNDA:0,(anonymous_10)
FNDA:0,(anonymous_11)
FNDA:0,(anonymous_12)
FNDA:0,(anonymous_13)
FNDA:0,(anonymous_14)
FNDA:0,(anonymous_15)
FNDA:0,(anonymous_16)
FNDA:0,(anonymous_17)
FNDA:0,(anonymous_18)
FNDA:0,(anonymous_19)
FNDA:0,(anonymous_20)
DA:1,0
DA:2,0
DA:3,0
DA:5,0
DA:8,0
DA:9,0
DA:12,0
DA:13,0
DA:14,0
DA:15,0
DA:18,0
DA:19,0
DA:20,0
DA:21,0
DA:23,0
DA:25,0
DA:30,0
DA:31,0
DA:32,0
DA:33,0
DA:34,0
DA:38,0
DA:39,0
DA:43,0
DA:44,0
DA:46,0
DA:47,0
DA:48,0
DA:51,0
DA:55,0
DA:57,0
DA:61,0
DA:62,0
DA:63,0
DA:65,0
DA:66,0
DA:67,0
DA:70,0
DA:71,0
DA:72,0
DA:73,0
DA:77,0
DA:78,0
DA:79,0
DA:80,0
DA:82,0
DA:83,0
DA:87,0
DA:88,0
DA:89,0
DA:92,0
DA:93,0
DA:94,0
DA:96,0
DA:97,0
DA:100,0
DA:101,0
DA:103,0
DA:104,0
DA:105,0
DA:108,0
DA:109,0
DA:110,0
DA:111,0
DA:113,0
DA:115,0
DA:116,0
DA:159,0
DA:160,0
DA:161,0
DA:163,0
DA:164,0
DA:204,0
DA:205,0
DA:209,0
DA:210,0
DA:211,0
DA:214,0
LF:78
LH:0
BRDA:13,0,0,0
BRDA:13,0,1,0
BRDA:19,1,0,0
BRDA:19,1,1,0
BRDA:34,2,0,0
BRDA:34,2,1,0
BRDA:67,3,0,0
BRDA:67,3,1,0
BRDA:72,4,0,0
BRDA:72,4,1,0
BRDA:73,5,0,0
BRDA:73,5,1,0
BRDA:78,6,0,0
BRDA:78,6,1,0
BRDA:88,7,0,0
BRDA:88,7,1,0
BRDA:94,8,0,0
BRDA:94,8,1,0
BRDA:115,9,0,0
BRDA:115,9,1,0
BRDA:163,10,0,0
BRDA:163,10,1,0
BRF:22
BRH:0
end_of_record
TN:
SF:js/api-simple.js
FN:12,(anonymous_0)
FN:21,(anonymous_1)
FN:30,(anonymous_2)
FN:31,(anonymous_3)
FN:32,(anonymous_4)
FN:33,(anonymous_5)
FN:34,(anonymous_6)
FN:35,(anonymous_7)
FN:36,(anonymous_8)
FN:41,(anonymous_9)
FN:46,(anonymous_10)
FN:71,(anonymous_11)
FN:82,(anonymous_12)
FN:94,(anonymous_13)
FN:105,(anonymous_14)
FN:120,(anonymous_15)
FN:128,(anonymous_16)
FN:143,(anonymous_17)
FN:149,(anonymous_18)
FN:156,(anonymous_19)
FN:168,(anonymous_20)
FN:190,(anonymous_21)
FN:192,(anonymous_22)
FN:210,(anonymous_23)
FN:211,(anonymous_24)
FNF:25
FNH:0
FNDA:0,(anonymous_0)
FNDA:0,(anonymous_1)
FNDA:0,(anonymous_2)
FNDA:0,(anonymous_3)
FNDA:0,(anonymous_4)
FNDA:0,(anonymous_5)
FNDA:0,(anonymous_6)
FNDA:0,(anonymous_7)
FNDA:0,(anonymous_8)
FNDA:0,(anonymous_9)
FNDA:0,(anonymous_10)
FNDA:0,(anonymous_11)
FNDA:0,(anonymous_12)
FNDA:0,(anonymous_13)
FNDA:0,(anonymous_14)
FNDA:0,(anonymous_15)
FNDA:0,(anonymous_16)
FNDA:0,(anonymous_17)
FNDA:0,(anonymous_18)
FNDA:0,(anonymous_19)
FNDA:0,(anonymous_20)
FNDA:0,(anonymous_21)
FNDA:0,(anonymous_22)
FNDA:0,(anonymous_23)
FNDA:0,(anonymous_24)
DA:4,0
DA:12,0
DA:13,0
DA:14,0
DA:22,0
DA:23,0
DA:24,0
DA:29,0
DA:42,0
DA:43,0
DA:47,0
DA:49,0
DA:51,0
DA:53,0
DA:65,0
DA:67,0
DA:72,0
DA:74,0
DA:75,0
DA:80,0
DA:82,0
DA:90,0
DA:95,0
DA:97,0
DA:98,0
DA:103,0
DA:105,0
DA:116,0
DA:121,0
DA:123,0
DA:124,0
DA:129,0
DA:130,0
DA:136,0
DA:144,0
DA:145,0
DA:146,0
DA:150,0
DA:157,0
DA:158,0
DA:160,0
DA:161,0
DA:162,0
DA:165,0
DA:169,0
DA:171,0
DA:172,0
DA:173,0
DA:174,0
DA:178,0
DA:179,0
DA:181,0
DA:183,0
DA:185,0
DA:186,0
DA:191,0
DA:192,0
DA:193,0
DA:195,0
DA:196,0
DA:200,0
DA:201,0
DA:207,0
DA:210,0
DA:211,0
DA:213,0
LF:66
LH:0
BRDA:4,0,0,0
BRDA:4,0,1,0
BRDA:13,1,0,0
BRDA:13,1,1,0
BRDA:21,2,0,0
BRDA:47,3,0,0
BRDA:47,3,1,0
BRDA:80,4,0,0
BRDA:80,4,1,0
BRDA:103,5,0,0
BRDA:103,5,1,0
BRDA:129,6,0,0
BRDA:129,6,1,0
BRDA:129,7,0,0
BRDA:129,7,1,0
BRDA:158,8,0,0
BRDA:158,8,1,0
BRDA:160,9,0,0
BRDA:160,9,1,0
BRDA:168,10,0,0
BRDA:171,11,0,0
BRDA:171,11,1,0
BRDA:173,12,0,0
BRDA:173,12,1,0
BRDA:195,13,0,0
BRDA:195,13,1,0
BRDA:195,14,0,0
BRDA:195,14,1,0
BRF:28
BRH:0
end_of_record
TN:
SF:js/api.js
FN:6,(anonymous_0)
FN:11,(anonymous_1)
FN:44,(anonymous_2)
FN:56,(anonymous_3)
FN:68,(anonymous_4)
FN:76,(anonymous_5)
FN:94,(anonymous_6)
FN:112,(anonymous_7)
FN:124,(anonymous_8)
FN:139,(anonymous_9)
FN:160,(anonymous_10)
FN:181,(anonymous_11)
FN:198,(anonymous_12)
FN:206,(anonymous_13)
FN:217,(anonymous_14)
FN:242,(anonymous_15)
FN:263,(anonymous_16)
FN:284,(anonymous_17)
FN:306,(anonymous_18)
FN:313,(anonymous_19)
FN:320,(anonymous_20)
FN:333,(anonymous_21)
FN:364,(anonymous_22)
FN:373,(anonymous_23)
FN:392,(anonymous_24)
FN:400,(anonymous_25)
FN:406,(anonymous_26)
FN:428,(anonymous_27)
FN:442,(anonymous_28)
FN:456,(anonymous_29)
FN:470,(anonymous_30)
FN:472,(anonymous_31)
FN:497,(anonymous_32)
FN:501,(anonymous_33)
FN:505,(anonymous_34)
FN:509,(anonymous_35)
FN:518,(anonymous_36)
FN:519,(anonymous_37)
FN:520,(anonymous_38)
FN:523,(anonymous_39)
FN:524,(anonymous_40)
FN:525,(anonymous_41)
FN:526,(anonymous_42)
FN:527,(anonymous_43)
FN:530,(anonymous_44)
FN:531,(anonymous_45)
FN:532,(anonymous_46)
FN:533,(anonymous_47)
FNF:48
FNH:0
FNDA:0,(anonymous_0)
FNDA:0,(anonymous_1)
FNDA:0,(anonymous_2)
FNDA:0,(anonymous_3)
FNDA:0,(anonymous_4)
FNDA:0,(anonymous_5)
FNDA:0,(anonymous_6)
FNDA:0,(anonymous_7)
FNDA:0,(anonymous_8)
FNDA:0,(anonymous_9)
FNDA:0,(anonymous_10)
FNDA:0,(anonymous_11)
FNDA:0,(anonymous_12)
FNDA:0,(anonymous_13)
FNDA:0,(anonymous_14)
FNDA:0,(anonymous_15)
FNDA:0,(anonymous_16)
FNDA:0,(anonymous_17)
FNDA:0,(anonymous_18)
FNDA:0,(anonymous_19)
FNDA:0,(anonymous_20)
FNDA:0,(anonymous_21)
FNDA:0,(anonymous_22)
FNDA:0,(anonymous_23)
FNDA:0,(anonymous_24)
FNDA:0,(anonymous_25)
FNDA:0,(anonymous_26)
FNDA:0,(anonymous_27)
FNDA:0,(anonymous_28)
FNDA:0,(anonymous_29)
FNDA:0,(anonymous_30)
FNDA:0,(anonymous_31)
FNDA:0,(anonymous_32)
FNDA:0,(anonymous_33)
FNDA:0,(anonymous_34)
FNDA:0,(anonymous_35)
FNDA:0,(anonymous_36)
FNDA:0,(anonymous_37)
FNDA:0,(anonymous_38)
FNDA:0,(anonymous_39)
FNDA:0,(anonymous_40)
FNDA:0,(anonymous_41)
FNDA:0,(anonymous_42)
FNDA:0,(anonymous_43)
FNDA:0,(anonymous_44)
FNDA:0,(anonymous_45)
FNDA:0,(anonymous_46)
FNDA:0,(anonymous_47)
DA:7,0
DA:8,0
DA:12,0
DA:14,0
DA:16,0
DA:19,0
DA:22,0
DA:26,0
DA:38,0
DA:40,0
DA:45,0
DA:47,0
DA:48,0
DA:53,0
DA:56,0
DA:64,0
DA:69,0
DA:71,0
DA:72,0
DA:78,0
DA:79,0
DA:80,0
DA:81,0
DA:82,0
DA:85,0
DA:90,0
DA:95,0
DA:97,0
DA:98,0
DA:103,0
DA:105,0
DA:107,0
DA:113,0
DA:115,0
DA:116,0
DA:121,0
DA:124,0
DA:135,0
DA:140,0
DA:142,0
DA:143,0
DA:152,0
DA:154,0
DA:156,0
DA:161,0
DA:163,0
DA:164,0
DA:173,0
DA:175,0
DA:177,0
DA:182,0
DA:184,0
DA:185,0
DA:190,0
DA:192,0
DA:194,0
DA:199,0
DA:201,0
DA:202,0
DA:207,0
DA:212,0
DA:218,0
DA:220,0
DA:221,0
DA:226,0
DA:227,0
DA:230,0
DA:231,0
DA:232,0
DA:233,0
DA:235,0
DA:237,0
DA:238,0
DA:243,0
DA:245,0
DA:246,0
DA:252,0
DA:253,0
DA:254,0
DA:256,0
DA:258,0
DA:259,0
DA:264,0
DA:266,0
DA:267,0
DA:273,0
DA:274,0
DA:275,0
DA:277,0
DA:279,0
DA:280,0
DA:285,0
DA:287,0
DA:288,0
DA:292,0
DA:293,0
DA:294,0
DA:296,0
DA:298,0
DA:299,0
DA:307,0
DA:308,0
DA:309,0
DA:314,0
DA:321,0
DA:322,0
DA:324,0
DA:325,0
DA:326,0
DA:329,0
DA:334,0
DA:336,0
DA:337,0
DA:338,0
DA:339,0
DA:340,0
DA:344,0
DA:345,0
DA:346,0
DA:348,0
DA:350,0
DA:351,0
DA:352,0
DA:354,0
DA:356,0
DA:357,0
DA:358,0
DA:360,0
DA:365,0
DA:366,0
DA:368,0
DA:369,0
DA:374,0
DA:375,0
DA:378,0
DA:381,0
DA:383,0
DA:385,0
DA:386,0
DA:387,0
DA:393,0
DA:394,0
DA:395,0
DA:397,0
DA:400,0
DA:407,0
DA:409,0
DA:410,0
DA:411,0
DA:412,0
DA:416,0
DA:417,0
DA:419,0
DA:421,0
DA:423,0
DA:424,0
DA:429,0
DA:430,0
DA:433,0
DA:435,0
DA:437,0
DA:438,0
DA:443,0
DA:444,0
DA:447,0
DA:449,0
DA:451,0
DA:452,0
DA:457,0
DA:458,0
DA:461,0
DA:463,0
DA:465,0
DA:466,0
DA:471,0
DA:472,0
DA:474,0
DA:477,0
DA:478,0
DA:479,0
DA:480,0
DA:481,0
DA:482,0
DA:486,0
DA:487,0
DA:491,0
DA:492,0
DA:498,0
DA:502,0
DA:506,0
DA:510,0
DA:515,0
DA:518,0
DA:519,0
DA:520,0
DA:523,0
DA:524,0
DA:525,0
DA:526,0
DA:527,0
DA:530,0
DA:531,0
DA:532,0
DA:533,0
LF:204
LH:0
BRDA:12,0,0,0
BRDA:12,0,1,0
BRDA:19,1,0,0
BRDA:19,1,1,0
BRDA:19,2,0,0
BRDA:19,2,1,0
BRDA:19,2,2,0
BRDA:22,3,0,0
BRDA:22,3,1,0
BRDA:22,4,0,0
BRDA:22,4,1,0
BRDA:22,4,2,0
BRDA:53,5,0,0
BRDA:53,5,1,0
BRDA:78,6,0,0
BRDA:78,6,1,0
BRDA:80,7,0,0
BRDA:80,7,1,0
BRDA:82,8,0,0
BRDA:82,8,1,0
BRDA:103,9,0,0
BRDA:103,9,1,0
BRDA:121,10,0,0
BRDA:121,10,1,0
BRDA:152,11,0,0
BRDA:152,11,1,0
BRDA:173,12,0,0
BRDA:173,12,1,0
BRDA:190,13,0,0
BRDA:190,13,1,0
BRDA:217,14,0,0
BRDA:226,15,0,0
BRDA:226,15,1,0
BRDA:231,16,0,0
BRDA:231,16,1,0
BRDA:233,17,0,0
BRDA:233,17,1,0
BRDA:235,18,0,0
BRDA:235,18,1,0
BRDA:252,19,0,0
BRDA:252,19,1,0
BRDA:254,20,0,0
BRDA:254,20,1,0
BRDA:256,21,0,0
BRDA:256,21,1,0
BRDA:273,22,0,0
BRDA:273,22,1,0
BRDA:275,23,0,0
BRDA:275,23,1,0
BRDA:292,24,0,0
BRDA:292,24,1,0
BRDA:294,25,0,0
BRDA:294,25,1,0
BRDA:322,26,0,0
BRDA:322,26,1,0
BRDA:324,27,0,0
BRDA:324,27,1,0
BRDA:333,28,0,0
BRDA:336,29,0,0
BRDA:336,29,1,0
BRDA:338,30,0,0
BRDA:338,30,1,0
BRDA:392,31,0,0
BRDA:397,32,0,0
BRDA:397,32,1,0
BRDA:406,33,0,0
BRDA:409,34,0,0
BRDA:409,34,1,0
BRDA:411,35,0,0
BRDA:411,35,1,0
BRDA:477,36,0,0
BRDA:477,36,1,0
BRDA:479,37,0,0
BRDA:479,37,1,0
BRDA:481,38,0,0
BRDA:481,38,1,0
BRDA:486,39,0,0
BRDA:486,39,1,0
BRDA:486,40,0,0
BRDA:486,40,1,0
BRDA:497,41,0,0
BRF:81
BRH:0
end_of_record
TN:
SF:js/chamado-detalhe.js
FN:16,fmtDate
FN:21,fmtDateTime
FN:27,calcularTempoDecorrido
FN:43,carregarChamado
FN:103,getTicketFromURL
FN:109,(anonymous_5)
FN:128,(anonymous_6)
FNF:7
FNH:0
FNDA:0,fmtDate
FNDA:0,fmtDateTime
FNDA:0,calcularTempoDecorrido
FNDA:0,carregarChamado
FNDA:0,getTicketFromURL
FNDA:0,(anonymous_5)
FNDA:0,(anonymous_6)
DA:1,0
DA:2,0
DA:3,0
DA:5,0
DA:17,0
DA:18,0
DA:22,0
DA:23,0
DA:28,0
DA:29,0
DA:30,0
DA:31,0
DA:32,0
DA:34,0
DA:35,0
DA:36,0
DA:37,0
DA:39,0
DA:44,0
DA:45,0
DA:51,0
DA:52,0
DA:53,0
DA:54,0
DA:55,0
DA:58,0
DA:59,0
DA:60,0
DA:61,0
DA:65,0
DA:66,0
DA:67,0
DA:68,0
DA:69,0
DA:70,0
DA:71,0
DA:72,0
DA:73,0
DA:76,0
DA:77,0
DA:78,0
DA:81,0
DA:82,0
DA:83,0
DA:88,0
DA:92,0
DA:93,0
DA:96,0
DA:97,0
DA:98,0
DA:104,0
DA:105,0
DA:109,0
DA:110,0
DA:111,0
DA:112,0
DA:114,0
DA:115,0
DA:120,0
DA:121,0
DA:122,0
DA:129,0
LF:62
LH:0
BRDA:34,0,0,0
BRDA:34,0,1,0
BRDA:35,1,0,0
BRDA:35,1,1,0
BRDA:36,2,0,0
BRDA:36,2,1,0
BRDA:37,3,0,0
BRDA:37,3,1,0
BRDA:51,4,0,0
BRDA:51,4,1,0
BRDA:58,5,0,0
BRDA:58,5,1,0
BRDA:66,6,0,0
BRDA:66,6,1,0
BRDA:67,7,0,0
BRDA:67,7,1,0
BRDA:68,8,0,0
BRDA:68,8,1,0
BRDA:70,9,0,0
BRDA:70,9,1,0
BRDA:72,10,0,0
BRDA:72,10,1,0
BRDA:73,11,0,0
BRDA:73,11,1,0
BRDA:76,12,0,0
BRDA:76,12,1,0
BRDA:77,13,0,0
BRDA:77,13,1,0
BRDA:81,14,0,0
BRDA:81,14,1,0
BRDA:82,15,0,0
BRDA:82,15,1,0
BRDA:111,16,0,0
BRDA:111,16,1,0
BRDA:121,17,0,0
BRDA:121,17,1,0
BRF:36
BRH:0
end_of_record
TN:
SF:js/components.js
FN:6,(anonymous_0)
FN:12,(anonymous_1)
FN:30,(anonymous_2)
FN:39,(anonymous_3)
FN:46,(anonymous_4)
FN:68,(anonymous_5)
FN:77,(anonymous_6)
FN:98,(anonymous_7)
FN:101,(anonymous_8)
FN:103,(anonymous_9)
FN:110,(anonymous_10)
FN:121,(anonymous_11)
FN:145,(anonymous_12)
FN:153,(anonymous_13)
FN:161,(anonymous_14)
FN:164,(anonymous_15)
FN:174,(anonymous_16)
FN:180,(anonymous_17)
FN:206,(anonymous_18)
FNF:19
FNH:0
FNDA:0,(anonymous_0)
FNDA:0,(anonymous_1)
FNDA:0,(anonymous_2)
FNDA:0,(anonymous_3)
FNDA:0,(anonymous_4)
FNDA:0,(anonymous_5)
FNDA:0,(anonymous_6)
FNDA:0,(anonymous_7)
FNDA:0,(anonymous_8)
FNDA:0,(anonymous_9)
FNDA:0,(anonymous_10)
FNDA:0,(anonymous_11)
FNDA:0,(anonymous_12)
FNDA:0,(anonymous_13)
FNDA:0,(anonymous_14)
FNDA:0,(anonymous_15)
FNDA:0,(anonymous_16)
FNDA:0,(anonymous_17)
FNDA:0,(anonymous_18)
DA:7,0
DA:8,0
DA:9,0
DA:13,0
DA:19,0
DA:20,0
DA:21,0
DA:27,0
DA:31,0
DA:32,0
DA:40,0
DA:41,0
DA:42,0
DA:43,0
DA:47,0
DA:48,0
DA:49,0
DA:61,0
DA:62,0
DA:65,0
DA:69,0
DA:70,0
DA:78,0
DA:79,0
DA:81,0
DA:88,0
DA:95,0
DA:98,0
DA:101,0
DA:102,0
DA:103,0
DA:111,0
DA:112,0
DA:113,0
DA:118,0
DA:123,0
DA:124,0
DA:127,0
DA:128,0
DA:130,0
DA:140,0
DA:141,0
DA:144,0
DA:145,0
DA:146,0
DA:147,0
DA:153,0
DA:154,0
DA:155,0
DA:158,0
DA:162,0
DA:163,0
DA:164,0
DA:165,0
DA:166,0
DA:175,0
DA:176,0
DA:177,0
DA:181,0
DA:183,0
DA:184,0
DA:186,0
DA:192,0
DA:203,0
DA:207,0
DA:208,0
LF:66
LH:0
BRDA:6,0,0,0
BRDA:31,1,0,0
BRDA:31,1,1,0
BRDA:31,2,0,0
BRDA:31,2,1,0
BRDA:39,3,0,0
BRDA:57,4,0,0
BRDA:57,4,1,0
BRDA:61,5,0,0
BRDA:61,5,1,0
BRDA:69,6,0,0
BRDA:69,6,1,0
BRDA:69,7,0,0
BRDA:69,7,1,0
BRDA:77,8,0,0
BRDA:77,9,0,0
BRDA:110,10,0,0
BRDA:133,11,0,0
BRDA:133,11,1,0
BRDA:144,12,0,0
BRDA:144,12,1,0
BRDA:146,13,0,0
BRDA:146,13,1,0
BRDA:154,14,0,0
BRDA:154,14,1,0
BRDA:154,15,0,0
BRDA:154,15,1,0
BRDA:162,16,0,0
BRDA:162,16,1,0
BRDA:162,17,0,0
BRDA:162,17,1,0
BRDA:186,18,0,0
BRDA:186,18,1,0
BRDA:187,19,0,0
BRDA:187,19,1,0
BRDA:188,20,0,0
BRDA:188,20,1,0
BRF:37
BRH:0
end_of_record
TN:
SF:js/config-db.js
FN:22,(anonymous_0)
FN:30,(anonymous_1)
FN:37,(anonymous_2)
FN:44,(anonymous_3)
FN:45,(anonymous_4)
FNF:5
FNH:0
FNDA:0,(anonymous_0)
FNDA:0,(anonymous_1)
FNDA:0,(anonymous_2)
FNDA:0,(anonymous_3)
FNDA:0,(anonymous_4)
DA:4,0
DA:19,0
DA:22,0
DA:23,0
DA:24,0
DA:30,0
DA:31,0
DA:32,0
DA:36,0
DA:38,0
DA:39,0
DA:40,0
DA:44,0
DA:45,0
DA:46,0
LF:15
LH:0
BRDA:23,0,0,0
BRDA:23,0,1,0
BRDA:32,1,0,0
BRDA:32,1,1,0
BRDA:37,2,0,0
BRF:5
BRH:0
end_of_record
TN:
SF:js/config.js
FN:7,getEnvVar
FN:37,(anonymous_1)
FN:45,(anonymous_2)
FN:52,(anonymous_3)
FN:59,(anonymous_4)
FN:60,(anonymous_5)
FNF:6
FNH:0
FNDA:0,getEnvVar
FNDA:0,(anonymous_1)
FNDA:0,(anonymous_2)
FNDA:0,(anonymous_3)
FNDA:0,(anonymous_4)
FNDA:0,(anonymous_5)
DA:4,0
DA:8,0
DA:9,0
DA:12,0
DA:16,0
DA:32,0
DA:33,0
DA:37,0
DA:38,0
DA:39,0
DA:45,0
DA:46,0
DA:47,0
DA:53,0
DA:54,0
DA:55,0
DA:59,0
DA:60,0
DA:61,0
LF:19
LH:0
BRDA:8,0,0,0
BRDA:8,0,1,0
BRDA:8,1,0,0
BRDA:8,1,1,0
BRDA:9,2,0,0
BRDA:9,2,1,0
BRDA:32,3,0,0
BRDA:32,3,1,0
BRDA:38,4,0,0
BRDA:38,4,1,0
BRDA:47,5,0,0
BRDA:47,5,1,0
BRDA:52,6,0,0
BRF:13
BRH:0
end_of_record
TN:
SF:js/parque-equipamentos.js
FN:9,(anonymous_0)
FN:15,(anonymous_1)
FN:21,initializeSupabase
FN:58,loadEquipments
FN:87,setupRealtimeSubscription
FN:95,(anonymous_5)
FN:111,updateDateTime
FN:129,setupEventListeners
FN:133,(anonymous_8)
FN:142,(anonymous_9)
FN:149,renderTable
FN:168,(anonymous_11)
FN:175,createTableRow
FN:204,filterEquipment
FN:205,(anonymous_14)
FN:221,updateSummary
FN:234,(anonymous_16)
FN:254,updateControlIDTable
FN:271,(anonymous_18)
FN:281,updateTommiTable
FN:298,(anonymous_20)
FN:308,createChart
FN:316,(anonymous_22)
FN:362,(anonymous_23)
FN:363,(anonymous_24)
FN:375,showLoading
FN:391,showError
FNF:27
FNH:0
FNDA:0,(anonymous_0)
FNDA:0,(anonymous_1)
FNDA:0,initializeSupabase
FNDA:0,loadEquipments
FNDA:0,setupRealtimeSubscription
FNDA:0,(anonymous_5)
FNDA:0,updateDateTime
FNDA:0,setupEventListeners
FNDA:0,(anonymous_8)
FNDA:0,(anonymous_9)
FNDA:0,renderTable
FNDA:0,(anonymous_11)
FNDA:0,createTableRow
FNDA:0,filterEquipment
FNDA:0,(anonymous_14)
FNDA:0,updateSummary
FNDA:0,(anonymous_16)
FNDA:0,updateControlIDTable
FNDA:0,(anonymous_18)
FNDA:0,updateTommiTable
FNDA:0,(anonymous_20)
FNDA:0,createChart
FNDA:0,(anonymous_22)
FNDA:0,(anonymous_23)
FNDA:0,(anonymous_24)
FNDA:0,showLoading
FNDA:0,showError
DA:3,0
DA:4,0
DA:5,0
DA:6,0
DA:9,0
DA:10,0
DA:11,0
DA:12,0
DA:15,0
DA:16,0
DA:22,0
DA:24,0
DA:25,0
DA:26,0
DA:28,0
DA:29,0
DA:31,0
DA:32,0
DA:36,0
DA:38,0
DA:45,0
DA:48,0
DA:49,0
DA:52,0
DA:53,0
DA:59,0
DA:61,0
DA:62,0
DA:64,0
DA:69,0
DA:71,0
DA:72,0
DA:73,0
DA:74,0
DA:75,0
DA:77,0
DA:80,0
DA:81,0
DA:82,0
DA:88,0
DA:90,0
DA:91,0
DA:96,0
DA:97,0
DA:102,0
DA:103,0
DA:106,0
DA:112,0
DA:113,0
DA:121,0
DA:122,0
DA:123,0
DA:124,0
DA:131,0
DA:132,0
DA:133,0
DA:134,0
DA:135,0
DA:140,0
DA:141,0
DA:142,0
DA:143,0
DA:150,0
DA:151,0
DA:153,0
DA:155,0
DA:157,0
DA:158,0
DA:165,0
DA:168,0
DA:169,0
DA:170,0
DA:176,0
DA:179,0
DA:180,0
DA:182,0
DA:183,0
DA:184,0
DA:186,0
DA:187,0
DA:189,0
DA:192,0
DA:200,0
DA:205,0
DA:206,0
DA:208,0
DA:216,0
DA:222,0
DA:225,0
DA:226,0
DA:227,0
DA:231,0
DA:232,0
DA:234,0
DA:235,0
DA:237,0
DA:239,0
DA:240,0
DA:242,0
DA:247,0
DA:250,0
DA:255,0
DA:256,0
DA:258,0
DA:261,0
DA:262,0
DA:263,0
DA:267,0
DA:271,0
DA:272,0
DA:273,0
DA:277,0
DA:282,0
DA:283,0
DA:285,0
DA:288,0
DA:289,0
DA:290,0
DA:294,0
DA:298,0
DA:299,0
DA:300,0
DA:304,0
DA:309,0
DA:310,0
DA:313,0
DA:314,0
DA:316,0
DA:317,0
DA:319,0
DA:320,0
DA:321,0
DA:322,0
DA:327,0
DA:328,0
DA:332,0
DA:333,0
DA:363,0
DA:364,0
DA:365,0
DA:376,0
DA:377,0
DA:379,0
DA:380,0
DA:392,0
DA:393,0
DA:395,0
LF:147
LH:0
BRDA:24,0,0,0
BRDA:24,0,1,0
BRDA:25,1,0,0
BRDA:25,1,1,0
BRDA:26,2,0,0
BRDA:26,2,1,0
BRDA:31,3,0,0
BRDA:31,3,1,0
BRDA:31,4,0,0
BRDA:31,4,1,0
BRDA:59,5,0,0
BRDA:59,5,1,0
BRDA:69,6,0,0
BRDA:69,6,1,0
BRDA:71,7,0,0
BRDA:71,7,1,0
BRDA:88,8,0,0
BRDA:88,8,1,0
BRDA:123,9,0,0
BRDA:123,9,1,0
BRDA:132,10,0,0
BRDA:132,10,1,0
BRDA:141,11,0,0
BRDA:141,11,1,0
BRDA:151,12,0,0
BRDA:151,12,1,0
BRDA:157,13,0,0
BRDA:157,13,1,0
BRDA:179,14,0,0
BRDA:179,14,1,0
BRDA:179,14,2,0
BRDA:182,15,0,0
BRDA:182,15,1,0
BRDA:184,16,0,0
BRDA:184,16,1,0
BRDA:184,17,0,0
BRDA:184,17,1,0
BRDA:187,18,0,0
BRDA:187,18,1,0
BRDA:187,19,0,0
BRDA:187,19,1,0
BRDA:193,20,0,0
BRDA:193,20,1,0
BRDA:193,20,2,0
BRDA:194,21,0,0
BRDA:194,21,1,0
BRDA:194,21,2,0
BRDA:196,22,0,0
BRDA:196,22,1,0
BRDA:196,22,2,0
BRDA:197,23,0,0
BRDA:197,23,1,0
BRDA:206,24,0,0
BRDA:206,24,1,0
BRDA:209,25,0,0
BRDA:209,25,1,0
BRDA:209,25,2,0
BRDA:210,26,0,0
BRDA:210,26,1,0
BRDA:210,26,2,0
BRDA:211,27,0,0
BRDA:211,27,1,0
BRDA:211,27,2,0
BRDA:212,28,0,0
BRDA:212,28,1,0
BRDA:212,28,2,0
BRDA:213,29,0,0
BRDA:213,29,1,0
BRDA:226,30,0,0
BRDA:226,30,1,0
BRDA:235,31,0,0
BRDA:235,31,1,0
BRDA:235,31,2,0
BRDA:237,32,0,0
BRDA:237,32,1,0
BRDA:237,33,0,0
BRDA:237,33,1,0
BRDA:239,34,0,0
BRDA:239,34,1,0
BRDA:240,35,0,0
BRDA:240,35,1,0
BRDA:240,36,0,0
BRDA:240,36,1,0
BRDA:242,37,0,0
BRDA:242,37,1,0
BRDA:256,38,0,0
BRDA:256,38,1,0
BRDA:265,39,0,0
BRDA:265,39,1,0
BRDA:283,40,0,0
BRDA:283,40,1,0
BRDA:292,41,0,0
BRDA:292,41,1,0
BRDA:310,42,0,0
BRDA:310,42,1,0
BRDA:317,43,0,0
BRDA:317,43,1,0
BRDA:317,43,2,0
BRDA:319,44,0,0
BRDA:319,44,1,0
BRDA:319,45,0,0
BRDA:319,45,1,0
BRDA:321,46,0,0
BRDA:321,46,1,0
BRDA:321,47,0,0
BRDA:321,47,1,0
BRDA:327,48,0,0
BRDA:327,48,1,0
BRDA:377,49,0,0
BRDA:377,49,1,0
BRDA:379,50,0,0
BRDA:379,50,1,0
BRDA:393,51,0,0
BRDA:393,51,1,0
BRF:114
BRH:0
end_of_record
TN:
SF:js/previas-frequencia.js
FN:25,escapeHtml
FN:34,formatarTamanho
FN:40,formatarPeriodo
FN:48,limparLog
FN:52,addLog
FN:63,extrairMetadadosDoNome
FN:123,converterData
FN:130,temEspacosConsecutivos
FN:134,parsearLinha
FN:185,parsearArquivo
FN:190,(anonymous_10)
FN:207,agruparPorPeriodo
FN:209,(anonymous_12)
FN:223,(anonymous_13)
FN:231,contarPorPeriodo
FN:233,(anonymous_15)
FN:239,calcularZScore
FN:244,(anonymous_17)
FN:246,(anonymous_18)
FN:258,obterContagensAnteriores
FN:260,(anonymous_20)
FN:261,(anonymous_21)
FN:263,(anonymous_22)
FN:268,setupUpload
FN:279,(anonymous_24)
FN:285,(anonymous_25)
FN:290,(anonymous_26)
FN:294,(anonymous_27)
FN:301,(anonymous_28)
FN:314,(anonymous_29)
FN:318,selecionarArquivo
FN:349,removerArquivo
FN:360,validarFormulario
FN:368,setupFormulario
FN:369,(anonymous_34)
FN:370,(anonymous_35)
FN:386,resetarProcessamento
FN:398,readFileAsLatin1
FN:399,(anonymous_38)
FN:401,(anonymous_39)
FN:402,(anonymous_40)
FN:407,processarArquivo
FN:436,(anonymous_42)
FN:485,esconderBanner
FN:489,exibirBannerAnomalia
FN:505,(anonymous_45)
FN:511,(anonymous_46)
FN:518,exibirConfirmacaoNeutra
FN:532,(anonymous_48)
FN:538,(anonymous_49)
FN:545,exibirBannerNormal
FN:560,(anonymous_51)
FN:566,(anonymous_52)
FN:575,iniciarInsercao
FN:588,finalizarResumoInsercao
FN:604,executarInsercao
FN:641,inserirEmLotes
FN:644,(anonymous_57)
FN:692,renderizarPreview
FN:695,(anonymous_59)
FN:701,(anonymous_60)
FN:718,carregarHistorico
FN:736,(anonymous_62)
FN:746,(anonymous_63)
FN:790,setupModoTabs
FN:796,(anonymous_65)
FN:803,(anonymous_66)
FN:817,setupHistoricoUpload
FN:821,(anonymous_68)
FN:823,(anonymous_69)
FN:828,(anonymous_70)
FN:830,(anonymous_71)
FN:836,(anonymous_72)
FN:841,(anonymous_73)
FN:849,adicionarArquivosHistorico
FN:853,(anonymous_75)
FN:859,(anonymous_76)
FN:861,(anonymous_77)
FN:872,(anonymous_78)
FN:877,atualizarSecretariaFilaHistorico
FN:879,(anonymous_80)
FN:887,renderizarFilaHistorico
FN:898,(anonymous_82)
FN:915,(anonymous_83)
FN:916,(anonymous_84)
FN:919,(anonymous_85)
FN:930,(anonymous_86)
FN:931,(anonymous_87)
FN:933,(anonymous_88)
FN:940,validarFilaHistorico
FN:943,(anonymous_90)
FN:948,importarHistorico
FN:952,(anonymous_92)
FN:992,(anonymous_93)
FN:1064,atualizarTopbar
FN:1069,(anonymous_95)
FNF:96
FNH:0
FNDA:0,escapeHtml
FNDA:0,formatarTamanho
FNDA:0,formatarPeriodo
FNDA:0,limparLog
FNDA:0,addLog
FNDA:0,extrairMetadadosDoNome
FNDA:0,converterData
FNDA:0,temEspacosConsecutivos
FNDA:0,parsearLinha
FNDA:0,parsearArquivo
FNDA:0,(anonymous_10)
FNDA:0,agruparPorPeriodo
FNDA:0,(anonymous_12)
FNDA:0,(anonymous_13)
FNDA:0,contarPorPeriodo
FNDA:0,(anonymous_15)
FNDA:0,calcularZScore
FNDA:0,(anonymous_17)
FNDA:0,(anonymous_18)
FNDA:0,obterContagensAnteriores
FNDA:0,(anonymous_20)
FNDA:0,(anonymous_21)
FNDA:0,(anonymous_22)
FNDA:0,setupUpload
FNDA:0,(anonymous_24)
FNDA:0,(anonymous_25)
FNDA:0,(anonymous_26)
FNDA:0,(anonymous_27)
FNDA:0,(anonymous_28)
FNDA:0,(anonymous_29)
FNDA:0,selecionarArquivo
FNDA:0,removerArquivo
FNDA:0,validarFormulario
FNDA:0,setupFormulario
FNDA:0,(anonymous_34)
FNDA:0,(anonymous_35)
FNDA:0,resetarProcessamento
FNDA:0,readFileAsLatin1
FNDA:0,(anonymous_38)
FNDA:0,(anonymous_39)
FNDA:0,(anonymous_40)
FNDA:0,processarArquivo
FNDA:0,(anonymous_42)
FNDA:0,esconderBanner
FNDA:0,exibirBannerAnomalia
FNDA:0,(anonymous_45)
FNDA:0,(anonymous_46)
FNDA:0,exibirConfirmacaoNeutra
FNDA:0,(anonymous_48)
FNDA:0,(anonymous_49)
FNDA:0,exibirBannerNormal
FNDA:0,(anonymous_51)
FNDA:0,(anonymous_52)
FNDA:0,iniciarInsercao
FNDA:0,finalizarResumoInsercao
FNDA:0,executarInsercao
FNDA:0,inserirEmLotes
FNDA:0,(anonymous_57)
FNDA:0,renderizarPreview
FNDA:0,(anonymous_59)
FNDA:0,(anonymous_60)
FNDA:0,carregarHistorico
FNDA:0,(anonymous_62)
FNDA:0,(anonymous_63)
FNDA:0,setupModoTabs
FNDA:0,(anonymous_65)
FNDA:0,(anonymous_66)
FNDA:0,setupHistoricoUpload
FNDA:0,(anonymous_68)
FNDA:0,(anonymous_69)
FNDA:0,(anonymous_70)
FNDA:0,(anonymous_71)
FNDA:0,(anonymous_72)
FNDA:0,(anonymous_73)
FNDA:0,adicionarArquivosHistorico
FNDA:0,(anonymous_75)
FNDA:0,(anonymous_76)
FNDA:0,(anonymous_77)
FNDA:0,(anonymous_78)
FNDA:0,atualizarSecretariaFilaHistorico
FNDA:0,(anonymous_80)
FNDA:0,renderizarFilaHistorico
FNDA:0,(anonymous_82)
FNDA:0,(anonymous_83)
FNDA:0,(anonymous_84)
FNDA:0,(anonymous_85)
FNDA:0,(anonymous_86)
FNDA:0,(anonymous_87)
FNDA:0,(anonymous_88)
FNDA:0,validarFilaHistorico
FNDA:0,(anonymous_90)
FNDA:0,importarHistorico
FNDA:0,(anonymous_92)
FNDA:0,(anonymous_93)
FNDA:0,atualizarTopbar
FNDA:0,(anonymous_95)
DA:10,0
DA:11,0
DA:14,0
DA:15,0
DA:16,0
DA:17,0
DA:18,0
DA:19,0
DA:20,0
DA:21,0
DA:26,0
DA:35,0
DA:36,0
DA:37,0
DA:41,0
DA:42,0
DA:43,0
DA:49,0
DA:53,0
DA:54,0
DA:55,0
DA:56,0
DA:57,0
DA:58,0
DA:64,0
DA:67,0
DA:68,0
DA:69,0
DA:76,0
DA:77,0
DA:78,0
DA:85,0
DA:86,0
DA:87,0
DA:93,0
DA:94,0
DA:95,0
DA:102,0
DA:103,0
DA:104,0
DA:110,0
DA:111,0
DA:112,0
DA:118,0
DA:124,0
DA:125,0
DA:126,0
DA:127,0
DA:131,0
DA:135,0
DA:136,0
DA:139,0
DA:140,0
DA:143,0
DA:144,0
DA:146,0
DA:147,0
DA:150,0
DA:151,0
DA:154,0
DA:155,0
DA:156,0
DA:157,0
DA:159,0
DA:160,0
DA:163,0
DA:164,0
DA:165,0
DA:168,0
DA:169,0
DA:170,0
DA:173,0
DA:186,0
DA:187,0
DA:188,0
DA:190,0
DA:191,0
DA:192,0
DA:193,0
DA:194,0
DA:195,0
DA:196,0
DA:197,0
DA:198,0
DA:202,0
DA:208,0
DA:209,0
DA:210,0
DA:211,0
DA:218,0
DA:219,0
DA:220,0
DA:223,0
DA:232,0
DA:233,0
DA:234,0
DA:236,0
DA:240,0
DA:241,0
DA:244,0
DA:246,0
DA:247,0
DA:249,0
DA:250,0
DA:251,0
DA:254,0
DA:255,0
DA:259,0
DA:260,0
DA:261,0
DA:263,0
DA:269,0
DA:270,0
DA:271,0
DA:273,0
DA:274,0
DA:275,0
DA:278,0
DA:279,0
DA:280,0
DA:281,0
DA:282,0
DA:285,0
DA:286,0
DA:287,0
DA:290,0
DA:291,0
DA:294,0
DA:295,0
DA:296,0
DA:297,0
DA:298,0
DA:301,0
DA:302,0
DA:303,0
DA:304,0
DA:307,0
DA:308,0
DA:310,0
DA:311,0
DA:313,0
DA:314,0
DA:319,0
DA:320,0
DA:321,0
DA:322,0
DA:324,0
DA:326,0
DA:329,0
DA:330,0
DA:332,0
DA:333,0
DA:334,0
DA:335,0
DA:337,0
DA:338,0
DA:339,0
DA:340,0
DA:341,0
DA:342,0
DA:345,0
DA:346,0
DA:350,0
DA:351,0
DA:352,0
DA:353,0
DA:354,0
DA:355,0
DA:361,0
DA:362,0
DA:363,0
DA:365,0
DA:369,0
DA:370,0
DA:371,0
DA:372,0
DA:373,0
DA:374,0
DA:377,0
DA:380,0
DA:381,0
DA:387,0
DA:388,0
DA:389,0
DA:390,0
DA:392,0
DA:393,0
DA:394,0
DA:395,0
DA:399,0
DA:400,0
DA:401,0
DA:402,0
DA:403,0
DA:408,0
DA:410,0
DA:411,0
DA:412,0
DA:413,0
DA:415,0
DA:416,0
DA:417,0
DA:419,0
DA:421,0
DA:422,0
DA:423,0
DA:425,0
DA:426,0
DA:427,0
DA:428,0
DA:430,0
DA:431,0
DA:432,0
DA:435,0
DA:436,0
DA:437,0
DA:438,0
DA:441,0
DA:442,0
DA:443,0
DA:444,0
DA:445,0
DA:449,0
DA:450,0
DA:453,0
DA:454,0
DA:455,0
DA:456,0
DA:458,0
DA:460,0
DA:461,0
DA:462,0
DA:464,0
DA:465,0
DA:467,0
DA:468,0
DA:470,0
DA:475,0
DA:476,0
DA:479,0
DA:480,0
DA:486,0
DA:490,0
DA:491,0
DA:493,0
DA:496,0
DA:499,0
DA:505,0
DA:506,0
DA:507,0
DA:511,0
DA:512,0
DA:513,0
DA:514,0
DA:519,0
DA:520,0
DA:522,0
DA:523,0
DA:526,0
DA:532,0
DA:533,0
DA:534,0
DA:538,0
DA:539,0
DA:540,0
DA:541,0
DA:546,0
DA:547,0
DA:549,0
DA:551,0
DA:554,0
DA:560,0
DA:561,0
DA:562,0
DA:566,0
DA:567,0
DA:568,0
DA:569,0
DA:576,0
DA:577,0
DA:579,0
DA:583,0
DA:585,0
DA:589,0
DA:590,0
DA:592,0
DA:594,0
DA:595,0
DA:596,0
DA:598,0
DA:599,0
DA:600,0
DA:605,0
DA:607,0
DA:609,0
DA:610,0
DA:612,0
DA:613,0
DA:615,0
DA:616,0
DA:617,0
DA:622,0
DA:623,0
DA:624,0
DA:627,0
DA:628,0
DA:629,0
DA:632,0
DA:635,0
DA:636,0
DA:637,0
DA:642,0
DA:644,0
DA:653,0
DA:654,0
DA:655,0
DA:657,0
DA:658,0
DA:659,0
DA:660,0
DA:662,0
DA:664,0
DA:665,0
DA:666,0
DA:668,0
DA:669,0
DA:670,0
DA:672,0
DA:673,0
DA:674,0
DA:675,0
DA:677,0
DA:678,0
DA:682,0
DA:684,0
DA:685,0
DA:687,0
DA:693,0
DA:694,0
DA:695,0
DA:698,0
DA:699,0
DA:701,0
DA:711,0
DA:719,0
DA:720,0
DA:721,0
DA:723,0
DA:724,0
DA:725,0
DA:728,0
DA:730,0
DA:731,0
DA:732,0
DA:735,0
DA:736,0
DA:739,0
DA:740,0
DA:741,0
DA:744,0
DA:746,0
DA:747,0
DA:748,0
DA:752,0
DA:753,0
DA:754,0
DA:756,0
DA:757,0
DA:758,0
DA:760,0
DA:761,0
DA:762,0
DA:763,0
DA:765,0
DA:769,0
DA:782,0
DA:788,0
DA:791,0
DA:792,0
DA:793,0
DA:794,0
DA:796,0
DA:797,0
DA:798,0
DA:799,0
DA:800,0
DA:803,0
DA:804,0
DA:805,0
DA:806,0
DA:807,0
DA:810,0
DA:811,0
DA:812,0
DA:818,0
DA:819,0
DA:821,0
DA:823,0
DA:824,0
DA:825,0
DA:828,0
DA:830,0
DA:831,0
DA:832,0
DA:833,0
DA:836,0
DA:837,0
DA:838,0
DA:841,0
DA:842,0
DA:843,0
DA:846,0
DA:850,0
DA:853,0
DA:854,0
DA:855,0
DA:856,0
DA:859,0
DA:860,0
DA:861,0
DA:862,0
DA:864,0
DA:872,0
DA:873,0
DA:874,0
DA:878,0
DA:879,0
DA:880,0
DA:881,0
DA:884,0
DA:888,0
DA:889,0
DA:891,0
DA:892,0
DA:893,0
DA:894,0
DA:897,0
DA:898,0
DA:899,0
DA:900,0
DA:915,0
DA:916,0
DA:917,0
DA:918,0
DA:919,0
DA:920,0
DA:922,0
DA:923,0
DA:925,0
DA:926,0
DA:930,0
DA:931,0
DA:932,0
DA:933,0
DA:934,0
DA:935,0
DA:941,0
DA:942,0
DA:943,0
DA:945,0
DA:949,0
DA:951,0
DA:952,0
DA:955,0
DA:956,0
DA:957,0
DA:958,0
DA:959,0
DA:960,0
DA:966,0
DA:977,0
DA:979,0
DA:980,0
DA:981,0
DA:982,0
DA:983,0
DA:985,0
DA:986,0
DA:988,0
DA:989,0
DA:991,0
DA:992,0
DA:995,0
DA:996,0
DA:997,0
DA:998,0
DA:1000,0
DA:1001,0
DA:1002,0
DA:1003,0
DA:1005,0
DA:1007,0
DA:1008,0
DA:1010,0
DA:1012,0
DA:1013,0
DA:1014,0
DA:1017,0
DA:1025,0
DA:1026,0
DA:1027,0
DA:1028,0
DA:1029,0
DA:1033,0
DA:1034,0
DA:1035,0
DA:1037,0
DA:1042,0
DA:1043,0
DA:1046,0
DA:1047,0
DA:1048,0
DA:1052,0
DA:1053,0
DA:1056,0
DA:1057,0
DA:1058,0
DA:1059,0
DA:1065,0
DA:1069,0
DA:1070,0
DA:1071,0
DA:1072,0
DA:1073,0
DA:1074,0
DA:1075,0
DA:1076,0
DA:1079,0
LF:528
LH:0
BRDA:26,0,0,0
BRDA:26,0,1,0
BRDA:35,1,0,0
BRDA:35,1,1,0
BRDA:36,2,0,0
BRDA:36,2,1,0
BRDA:52,3,0,0
BRDA:68,4,0,0
BRDA:68,4,1,0
BRDA:77,5,0,0
BRDA:77,5,1,0
BRDA:86,6,0,0
BRDA:86,6,1,0
BRDA:94,7,0,0
BRDA:94,7,1,0
BRDA:103,8,0,0
BRDA:103,8,1,0
BRDA:111,9,0,0
BRDA:111,9,1,0
BRDA:125,10,0,0
BRDA:125,10,1,0
BRDA:135,11,0,0
BRDA:135,11,1,0
BRDA:135,12,0,0
BRDA:135,12,1,0
BRDA:139,13,0,0
BRDA:139,13,1,0
BRDA:146,14,0,0
BRDA:146,14,1,0
BRDA:150,15,0,0
BRDA:150,15,1,0
BRDA:159,16,0,0
BRDA:159,16,1,0
BRDA:164,17,0,0
BRDA:164,17,1,0
BRDA:169,18,0,0
BRDA:169,18,1,0
BRDA:169,19,0,0
BRDA:169,19,1,0
BRDA:169,19,2,0
BRDA:193,20,0,0
BRDA:193,20,1,0
BRDA:195,21,0,0
BRDA:195,21,1,0
BRDA:197,22,0,0
BRDA:197,22,1,0
BRDA:197,23,0,0
BRDA:197,23,1,0
BRDA:210,24,0,0
BRDA:210,24,1,0
BRDA:234,25,0,0
BRDA:234,25,1,0
BRDA:240,26,0,0
BRDA:240,26,1,0
BRDA:249,27,0,0
BRDA:249,27,1,0
BRDA:258,28,0,0
BRDA:273,29,0,0
BRDA:273,29,1,0
BRDA:273,30,0,0
BRDA:273,30,1,0
BRDA:298,31,0,0
BRDA:298,31,1,0
BRDA:304,32,0,0
BRDA:304,32,1,0
BRDA:310,33,0,0
BRDA:310,33,1,0
BRDA:313,34,0,0
BRDA:313,34,1,0
BRDA:320,35,0,0
BRDA:320,35,1,0
BRDA:321,36,0,0
BRDA:321,36,1,0
BRDA:321,37,0,0
BRDA:321,37,1,0
BRDA:338,38,0,0
BRDA:338,38,1,0
BRDA:365,39,0,0
BRDA:365,39,1,0
BRDA:365,39,2,0
BRDA:365,39,3,0
BRDA:372,40,0,0
BRDA:372,40,1,0
BRDA:408,41,0,0
BRDA:408,41,1,0
BRDA:408,42,0,0
BRDA:408,42,1,0
BRDA:432,43,0,0
BRDA:432,43,1,0
BRDA:437,44,0,0
BRDA:437,44,1,0
BRDA:441,45,0,0
BRDA:441,45,1,0
BRDA:460,46,0,0
BRDA:460,46,1,0
BRDA:467,47,0,0
BRDA:467,47,1,0
BRDA:583,48,0,0
BRDA:583,48,1,0
BRDA:583,49,0,0
BRDA:583,49,1,0
BRDA:588,50,0,0
BRDA:598,51,0,0
BRDA:598,51,1,0
BRDA:599,52,0,0
BRDA:599,52,1,0
BRDA:604,53,0,0
BRDA:605,54,0,0
BRDA:605,55,0,0
BRDA:607,56,0,0
BRDA:607,56,1,0
BRDA:612,57,0,0
BRDA:612,57,1,0
BRDA:616,58,0,0
BRDA:616,58,1,0
BRDA:622,59,0,0
BRDA:622,59,1,0
BRDA:636,60,0,0
BRDA:636,60,1,0
BRDA:641,61,0,0
BRDA:642,62,0,0
BRDA:668,63,0,0
BRDA:668,63,1,0
BRDA:685,64,0,0
BRDA:685,64,1,0
BRDA:694,65,0,0
BRDA:694,65,1,0
BRDA:702,66,0,0
BRDA:702,66,1,0
BRDA:713,67,0,0
BRDA:713,67,1,0
BRDA:723,68,0,0
BRDA:723,68,1,0
BRDA:739,69,0,0
BRDA:739,69,1,0
BRDA:752,70,0,0
BRDA:752,70,1,0
BRDA:758,71,0,0
BRDA:758,71,1,0
BRDA:760,72,0,0
BRDA:760,72,1,0
BRDA:762,73,0,0
BRDA:762,73,1,0
BRDA:775,74,0,0
BRDA:775,74,1,0
BRDA:775,75,0,0
BRDA:775,75,1,0
BRDA:775,76,0,0
BRDA:775,76,1,0
BRDA:811,77,0,0
BRDA:811,77,1,0
BRDA:811,78,0,0
BRDA:811,78,1,0
BRDA:850,79,0,0
BRDA:850,79,1,0
BRDA:854,80,0,0
BRDA:854,80,1,0
BRDA:861,81,0,0
BRDA:861,81,1,0
BRDA:862,82,0,0
BRDA:862,82,1,0
BRDA:867,83,0,0
BRDA:867,83,1,0
BRDA:867,83,2,0
BRDA:868,84,0,0
BRDA:868,84,1,0
BRDA:880,85,0,0
BRDA:880,85,1,0
BRDA:891,86,0,0
BRDA:891,86,1,0
BRDA:899,87,0,0
BRDA:899,87,1,0
BRDA:909,88,0,0
BRDA:909,88,1,0
BRDA:920,89,0,0
BRDA:920,89,1,0
BRDA:922,90,0,0
BRDA:922,90,1,0
BRDA:923,91,0,0
BRDA:923,91,1,0
BRDA:942,92,0,0
BRDA:942,92,1,0
BRDA:943,93,0,0
BRDA:943,93,1,0
BRDA:945,94,0,0
BRDA:945,94,1,0
BRDA:949,95,0,0
BRDA:949,95,1,0
BRDA:949,96,0,0
BRDA:949,96,1,0
BRDA:973,97,0,0
BRDA:973,97,1,0
BRDA:977,98,0,0
BRDA:977,98,1,0
BRDA:1012,99,0,0
BRDA:1012,99,1,0
BRDA:1025,100,0,0
BRDA:1025,100,1,0
BRDA:1025,101,0,0
BRDA:1025,101,1,0
BRDA:1035,102,0,0
BRDA:1035,102,1,0
BRDA:1042,103,0,0
BRDA:1042,103,1,0
BRDA:1046,104,0,0
BRDA:1046,104,1,0
BRF:206
BRH:0
end_of_record
TN:
SF:js/script-enhanced.js
FN:9,(anonymous_0)
FN:16,(anonymous_1)
FN:33,(anonymous_2)
FN:35,(anonymous_3)
FN:36,(anonymous_4)
FN:46,(anonymous_5)
FN:50,(anonymous_6)
FN:51,(anonymous_7)
FN:52,(anonymous_8)
FN:57,(anonymous_9)
FN:65,(anonymous_10)
FN:74,(anonymous_11)
FN:82,(anonymous_12)
FN:88,(anonymous_13)
FN:129,(anonymous_14)
FN:134,(anonymous_15)
FN:140,(anonymous_16)
FN:146,(anonymous_17)
FN:152,(anonymous_18)
FN:165,(anonymous_19)
FN:181,(anonymous_20)
FN:202,(anonymous_21)
FN:220,(anonymous_22)
FN:235,(anonymous_23)
FN:253,(anonymous_24)
FN:266,(anonymous_25)
FN:277,(anonymous_26)
FN:292,(anonymous_27)
FN:308,(anonymous_28)
FN:315,(anonymous_29)
FN:322,(anonymous_30)
FN:325,(anonymous_31)
FN:329,(anonymous_32)
FN:336,(anonymous_33)
FN:344,(anonymous_34)
FNF:35
FNH:0
FNDA:0,(anonymous_0)
FNDA:0,(anonymous_1)
FNDA:0,(anonymous_2)
FNDA:0,(anonymous_3)
FNDA:0,(anonymous_4)
FNDA:0,(anonymous_5)
FNDA:0,(anonymous_6)
FNDA:0,(anonymous_7)
FNDA:0,(anonymous_8)
FNDA:0,(anonymous_9)
FNDA:0,(anonymous_10)
FNDA:0,(anonymous_11)
FNDA:0,(anonymous_12)
FNDA:0,(anonymous_13)
FNDA:0,(anonymous_14)
FNDA:0,(anonymous_15)
FNDA:0,(anonymous_16)
FNDA:0,(anonymous_17)
FNDA:0,(anonymous_18)
FNDA:0,(anonymous_19)
FNDA:0,(anonymous_20)
FNDA:0,(anonymous_21)
FNDA:0,(anonymous_22)
FNDA:0,(anonymous_23)
FNDA:0,(anonymous_24)
FNDA:0,(anonymous_25)
FNDA:0,(anonymous_26)
FNDA:0,(anonymous_27)
FNDA:0,(anonymous_28)
FNDA:0,(anonymous_29)
FNDA:0,(anonymous_30)
FNDA:0,(anonymous_31)
FNDA:0,(anonymous_32)
FNDA:0,(anonymous_33)
FNDA:0,(anonymous_34)
DA:10,0
DA:11,0
DA:12,0
DA:13,0
DA:17,0
DA:19,0
DA:20,0
DA:21,0
DA:22,0
DA:23,0
DA:25,0
DA:26,0
DA:28,0
DA:29,0
DA:35,0
DA:36,0
DA:37,0
DA:38,0
DA:39,0
DA:44,0
DA:45,0
DA:46,0
DA:50,0
DA:51,0
DA:52,0
DA:53,0
DA:58,0
DA:59,0
DA:61,0
DA:66,0
DA:67,0
DA:68,0
DA:70,0
DA:75,0
DA:76,0
DA:78,0
DA:83,0
DA:84,0
DA:85,0
DA:89,0
DA:90,0
DA:92,0
DA:95,0
DA:98,0
DA:129,0
DA:130,0
DA:135,0
DA:136,0
DA:137,0
DA:141,0
DA:142,0
DA:144,0
DA:145,0
DA:146,0
DA:149,0
DA:153,0
DA:154,0
DA:156,0
DA:157,0
DA:160,0
DA:162,0
DA:166,0
DA:167,0
DA:168,0
DA:169,0
DA:170,0
DA:173,0
DA:176,0
DA:177,0
DA:178,0
DA:181,0
DA:182,0
DA:183,0
DA:184,0
DA:185,0
DA:188,0
DA:189,0
DA:192,0
DA:193,0
DA:194,0
DA:195,0
DA:198,0
DA:203,0
DA:204,0
DA:205,0
DA:206,0
DA:207,0
DA:210,0
DA:212,0
DA:213,0
DA:216,0
DA:217,0
DA:218,0
DA:220,0
DA:221,0
DA:222,0
DA:223,0
DA:225,0
DA:226,0
DA:228,0
DA:232,0
DA:235,0
DA:236,0
DA:237,0
DA:238,0
DA:240,0
DA:241,0
DA:242,0
DA:243,0
DA:246,0
DA:247,0
DA:248,0
DA:249,0
DA:254,0
DA:255,0
DA:256,0
DA:258,0
DA:259,0
DA:260,0
DA:261,0
DA:263,0
DA:266,0
DA:267,0
DA:268,0
DA:271,0
DA:274,0
DA:278,0
DA:279,0
DA:281,0
DA:282,0
DA:283,0
DA:285,0
DA:294,0
DA:295,0
DA:297,0
DA:301,0
DA:302,0
DA:304,0
DA:309,0
DA:310,0
DA:311,0
DA:316,0
DA:317,0
DA:318,0
DA:323,0
DA:324,0
DA:325,0
DA:330,0
DA:331,0
DA:332,0
DA:337,0
DA:338,0
DA:339,0
DA:344,0
DA:345,0
DA:346,0
DA:350,0
LF:157
LH:0
BRDA:17,0,0,0
BRDA:17,0,1,0
BRDA:45,1,0,0
BRDA:45,1,1,0
BRDA:92,2,0,0
BRDA:92,2,1,0
BRDA:142,3,0,0
BRDA:142,3,1,0
BRDA:154,4,0,0
BRDA:154,4,1,0
BRDA:225,5,0,0
BRDA:225,5,1,0
BRDA:279,6,0,0
BRDA:279,6,1,0
BRDA:294,7,0,0
BRDA:294,7,1,0
BRDA:301,8,0,0
BRDA:301,8,1,0
BRDA:310,9,0,0
BRDA:310,9,1,0
BRDA:310,10,0,0
BRDA:310,10,1,0
BRDA:316,11,0,0
BRDA:316,11,1,0
BRDA:324,12,0,0
BRDA:324,12,1,0
BRDA:324,13,0,0
BRDA:324,13,1,0
BRDA:330,14,0,0
BRDA:330,14,1,0
BRF:30
BRH:0
end_of_record
TN:
SF:js/script.js
FN:8,inicializarSupabase
FN:50,fmtDate
FN:55,escapeHtml
FN:64,carregar
FN:94,filtrado
FN:97,(anonymous_5)
FN:98,(anonymous_6)
FN:99,(anonymous_7)
FN:100,(anonymous_8)
FN:103,contarPor
FN:105,(anonymous_10)
FN:106,(anonymous_11)
FN:109,render
FN:138,(anonymous_13)
FN:139,(anonymous_14)
FN:147,(anonymous_15)
FN:203,(anonymous_16)
FN:204,(anonymous_17)
FN:223,(anonymous_18)
FN:232,(anonymous_19)
FN:232,(anonymous_20)
FN:236,(anonymous_21)
FN:251,(anonymous_22)
FN:274,(anonymous_23)
FN:277,(anonymous_24)
FN:278,(anonymous_25)
FN:280,(anonymous_26)
FN:288,(anonymous_27)
FN:291,(anonymous_28)
FN:297,(anonymous_29)
FN:301,abrirChamadoPainel
FN:345,fecharChamadoModalPainel
FN:354,(anonymous_32)
FN:357,(anonymous_33)
FNF:34
FNH:0
FNDA:0,inicializarSupabase
FNDA:0,fmtDate
FNDA:0,escapeHtml
FNDA:0,carregar
FNDA:0,filtrado
FNDA:0,(anonymous_5)
FNDA:0,(anonymous_6)
FNDA:0,(anonymous_7)
FNDA:0,(anonymous_8)
FNDA:0,contarPor
FNDA:0,(anonymous_10)
FNDA:0,(anonymous_11)
FNDA:0,render
FNDA:0,(anonymous_13)
FNDA:0,(anonymous_14)
FNDA:0,(anonymous_15)
FNDA:0,(anonymous_16)
FNDA:0,(anonymous_17)
FNDA:0,(anonymous_18)
FNDA:0,(anonymous_19)
FNDA:0,(anonymous_20)
FNDA:0,(anonymous_21)
FNDA:0,(anonymous_22)
FNDA:0,(anonymous_23)
FNDA:0,(anonymous_24)
FNDA:0,(anonymous_25)
FNDA:0,(anonymous_26)
FNDA:0,(anonymous_27)
FNDA:0,(anonymous_28)
FNDA:0,(anonymous_29)
FNDA:0,abrirChamadoPainel
FNDA:0,fecharChamadoModalPainel
FNDA:0,(anonymous_32)
FNDA:0,(anonymous_33)
DA:2,0
DA:3,0
DA:5,0
DA:9,0
DA:10,0
DA:11,0
DA:12,0
DA:13,0
DA:16,0
DA:17,0
DA:19,0
DA:20,0
DA:21,0
DA:25,0
DA:27,0
DA:39,0
DA:51,0
DA:52,0
DA:56,0
DA:65,0
DA:66,0
DA:67,0
DA:70,0
DA:72,0
DA:73,0
DA:74,0
DA:75,0
DA:78,0
DA:79,0
DA:81,0
DA:82,0
DA:83,0
DA:86,0
DA:89,0
DA:90,0
DA:96,0
DA:97,0
DA:98,0
DA:99,0
DA:100,0
DA:104,0
DA:105,0
DA:106,0
DA:110,0
DA:111,0
DA:112,0
DA:115,0
DA:119,0
DA:121,0
DA:122,0
DA:123,0
DA:124,0
DA:127,0
DA:128,0
DA:129,0
DA:130,0
DA:131,0
DA:134,0
DA:135,0
DA:138,0
DA:139,0
DA:142,0
DA:143,0
DA:144,0
DA:145,0
DA:147,0
DA:148,0
DA:149,0
DA:150,0
DA:151,0
DA:153,0
DA:154,0
DA:156,0
DA:159,0
DA:160,0
DA:204,0
DA:205,0
DA:206,0
DA:221,0
DA:222,0
DA:223,0
DA:224,0
DA:225,0
DA:226,0
DA:232,0
DA:235,0
DA:236,0
DA:237,0
DA:238,0
DA:239,0
DA:240,0
DA:250,0
DA:251,0
DA:252,0
DA:253,0
DA:254,0
DA:255,0
DA:269,0
DA:274,0
DA:275,0
DA:277,0
DA:278,0
DA:279,0
DA:280,0
DA:281,0
DA:282,0
DA:288,0
DA:289,0
DA:290,0
DA:291,0
DA:297,0
DA:298,0
DA:302,0
DA:303,0
DA:304,0
DA:305,0
DA:306,0
DA:308,0
DA:341,0
DA:342,0
DA:346,0
DA:347,0
DA:348,0
DA:351,0
DA:353,0
DA:354,0
DA:355,0
DA:357,0
DA:358,0
LF:129
LH:0
BRDA:10,0,0,0
BRDA:10,0,1,0
BRDA:56,1,0,0
BRDA:56,1,1,0
BRDA:66,2,0,0
BRDA:66,2,1,0
BRDA:66,3,0,0
BRDA:66,3,1,0
BRDA:72,4,0,0
BRDA:72,4,1,0
BRDA:78,5,0,0
BRDA:78,5,1,0
BRDA:81,6,0,0
BRDA:81,6,1,0
BRDA:96,7,0,0
BRDA:96,7,1,0
BRDA:97,8,0,0
BRDA:97,8,1,0
BRDA:98,9,0,0
BRDA:98,9,1,0
BRDA:99,10,0,0
BRDA:99,10,1,0
BRDA:99,11,0,0
BRDA:99,11,1,0
BRDA:105,12,0,0
BRDA:105,12,1,0
BRDA:122,13,0,0
BRDA:122,13,1,0
BRDA:128,14,0,0
BRDA:128,14,1,0
BRDA:149,15,0,0
BRDA:149,15,1,0
BRDA:159,16,0,0
BRDA:159,16,1,0
BRDA:222,17,0,0
BRDA:222,17,1,0
BRDA:225,18,0,0
BRDA:225,18,1,0
BRDA:237,19,0,0
BRDA:237,19,1,0
BRDA:238,20,0,0
BRDA:238,20,1,0
BRDA:241,21,0,0
BRDA:241,21,1,0
BRDA:252,22,0,0
BRDA:252,22,1,0
BRDA:258,23,0,0
BRDA:258,23,1,0
BRDA:289,24,0,0
BRDA:289,24,1,0
BRDA:305,25,0,0
BRDA:305,25,1,0
BRDA:306,26,0,0
BRDA:306,26,1,0
BRDA:332,27,0,0
BRDA:332,27,1,0
BRDA:355,28,0,0
BRDA:355,28,1,0
BRDA:358,29,0,0
BRDA:358,29,1,0
BRF:60
BRH:0
end_of_record
TN:
SF:js/store.js
FN:3,(anonymous_0)
FN:26,(anonymous_1)
FN:33,(anonymous_2)
FN:39,(anonymous_3)
FN:44,(anonymous_4)
FN:46,(anonymous_5)
FN:59,(anonymous_6)
FN:64,(anonymous_7)
FN:66,(anonymous_8)
FN:73,(anonymous_9)
FN:86,(anonymous_10)
FN:106,(anonymous_11)
FN:107,(anonymous_12)
FN:111,(anonymous_13)
FN:113,(anonymous_14)
FN:120,(anonymous_15)
FN:127,(anonymous_16)
FN:128,(anonymous_17)
FN:129,(anonymous_18)
FN:130,(anonymous_19)
FN:133,(anonymous_20)
FN:138,(anonymous_21)
FN:141,(anonymous_22)
FN:166,(anonymous_23)
FN:170,(anonymous_24)
FN:179,(anonymous_25)
FN:182,(anonymous_26)
FN:183,(anonymous_27)
FN:184,(anonymous_28)
FNF:29
FNH:0
FNDA:0,(anonymous_0)
FNDA:0,(anonymous_1)
FNDA:0,(anonymous_2)
FNDA:0,(anonymous_3)
FNDA:0,(anonymous_4)
FNDA:0,(anonymous_5)
FNDA:0,(anonymous_6)
FNDA:0,(anonymous_7)
FNDA:0,(anonymous_8)
FNDA:0,(anonymous_9)
FNDA:0,(anonymous_10)
FNDA:0,(anonymous_11)
FNDA:0,(anonymous_12)
FNDA:0,(anonymous_13)
FNDA:0,(anonymous_14)
FNDA:0,(anonymous_15)
FNDA:0,(anonymous_16)
FNDA:0,(anonymous_17)
FNDA:0,(anonymous_18)
FNDA:0,(anonymous_19)
FNDA:0,(anonymous_20)
FNDA:0,(anonymous_21)
FNDA:0,(anonymous_22)
FNDA:0,(anonymous_23)
FNDA:0,(anonymous_24)
FNDA:0,(anonymous_25)
FNDA:0,(anonymous_26)
FNDA:0,(anonymous_27)
FNDA:0,(anonymous_28)
DA:4,0
DA:21,0
DA:22,0
DA:27,0
DA:28,0
DA:30,0
DA:33,0
DA:34,0
DA:40,0
DA:41,0
DA:44,0
DA:45,0
DA:46,0
DA:47,0
DA:53,0
DA:54,0
DA:60,0
DA:65,0
DA:66,0
DA:67,0
DA:69,0
DA:74,0
DA:75,0
DA:76,0
DA:77,0
DA:78,0
DA:81,0
DA:87,0
DA:93,0
DA:98,0
DA:101,0
DA:104,0
DA:106,0
DA:108,0
DA:109,0
DA:112,0
DA:113,0
DA:114,0
DA:116,0
DA:121,0
DA:122,0
DA:123,0
DA:127,0
DA:128,0
DA:129,0
DA:130,0
DA:133,0
DA:137,0
DA:139,0
DA:141,0
DA:143,0
DA:144,0
DA:145,0
DA:146,0
DA:147,0
DA:148,0
DA:153,0
DA:154,0
DA:158,0
DA:159,0
DA:162,0
DA:167,0
DA:168,0
DA:170,0
DA:171,0
DA:172,0
DA:173,0
DA:176,0
DA:180,0
DA:181,0
DA:182,0
DA:183,0
DA:184,0
DA:186,0
LF:74
LH:0
BRDA:27,0,0,0
BRDA:27,0,1,0
BRDA:39,1,0,0
BRDA:45,2,0,0
BRDA:45,2,1,0
BRDA:53,3,0,0
BRDA:53,3,1,0
BRDA:60,4,0,0
BRDA:60,4,1,0
BRDA:76,5,0,0
BRDA:76,5,1,0
BRDA:114,6,0,0
BRDA:114,6,1,0
BRDA:143,7,0,0
BRDA:143,7,1,0
BRDA:144,8,0,0
BRDA:144,8,1,0
BRDA:144,9,0,0
BRDA:144,9,1,0
BRDA:145,10,0,0
BRDA:145,10,1,0
BRDA:145,11,0,0
BRDA:145,11,1,0
BRDA:146,12,0,0
BRDA:146,12,1,0
BRDA:146,13,0,0
BRDA:146,13,1,0
BRDA:146,13,2,0
BRDA:147,14,0,0
BRDA:147,14,1,0
BRDA:147,15,0,0
BRDA:147,15,1,0
BRDA:147,15,2,0
BRDA:148,16,0,0
BRDA:148,16,1,0
BRDA:153,17,0,0
BRDA:153,17,1,0
BRDA:153,18,0,0
BRDA:153,18,1,0
BRDA:158,19,0,0
BRDA:158,19,1,0
BRDA:158,20,0,0
BRDA:158,20,1,0
BRDA:171,21,0,0
BRDA:171,21,1,0
BRDA:172,22,0,0
BRDA:172,22,1,0
BRF:47
BRH:0
end_of_record
TN:
SF:js/todos-chamados.js
FN:47,fmtDate
FN:52,escapeHtml
FN:61,carregar
FN:68,filtrado
FN:73,(anonymous_4)
FN:74,(anonymous_5)
FN:75,(anonymous_6)
FN:76,(anonymous_7)
FN:81,(anonymous_8)
FN:86,(anonymous_9)
FN:91,(anonymous_10)
FN:96,(anonymous_11)
FN:102,render
FN:119,(anonymous_13)
FN:142,(anonymous_14)
FN:143,(anonymous_15)
FN:148,(anonymous_16)
FN:165,(anonymous_17)
FN:171,(anonymous_18)
FN:178,(anonymous_19)
FN:182,abrirChamado
FN:226,fecharChamadoModal
FN:235,(anonymous_22)
FN:238,(anonymous_23)
FNF:24
FNH:0
FNDA:0,fmtDate
FNDA:0,escapeHtml
FNDA:0,carregar
FNDA:0,filtrado
FNDA:0,(anonymous_4)
FNDA:0,(anonymous_5)
FNDA:0,(anonymous_6)
FNDA:0,(anonymous_7)
FNDA:0,(anonymous_8)
FNDA:0,(anonymous_9)
FNDA:0,(anonymous_10)
FNDA:0,(anonymous_11)
FNDA:0,render
FNDA:0,(anonymous_13)
FNDA:0,(anonymous_14)
FNDA:0,(anonymous_15)
FNDA:0,(anonymous_16)
FNDA:0,(anonymous_17)
FNDA:0,(anonymous_18)
FNDA:0,(anonymous_19)
FNDA:0,abrirChamado
FNDA:0,fecharChamadoModal
FNDA:0,(anonymous_22)
FNDA:0,(anonymous_23)
DA:1,0
DA:2,0
DA:3,0
DA:5,0
DA:7,0
DA:48,0
DA:49,0
DA:53,0
DA:62,0
DA:63,0
DA:64,0
DA:65,0
DA:69,0
DA:72,0
DA:73,0
DA:74,0
DA:75,0
DA:76,0
DA:80,0
DA:81,0
DA:85,0
DA:86,0
DA:90,0
DA:91,0
DA:95,0
DA:96,0
DA:99,0
DA:103,0
DA:104,0
DA:106,0
DA:109,0
DA:110,0
DA:111,0
DA:116,0
DA:119,0
DA:120,0
DA:121,0
DA:122,0
DA:123,0
DA:125,0
DA:142,0
DA:143,0
DA:144,0
DA:145,0
DA:148,0
DA:149,0
DA:152,0
DA:153,0
DA:154,0
DA:155,0
DA:156,0
DA:157,0
DA:160,0
DA:165,0
DA:166,0
DA:167,0
DA:171,0
DA:172,0
DA:173,0
DA:177,0
DA:178,0
DA:183,0
DA:184,0
DA:185,0
DA:186,0
DA:187,0
DA:189,0
DA:222,0
DA:223,0
DA:227,0
DA:228,0
DA:229,0
DA:232,0
DA:234,0
DA:235,0
DA:236,0
DA:238,0
DA:239,0
DA:242,0
LF:79
LH:0
BRDA:53,0,0,0
BRDA:53,0,1,0
BRDA:63,1,0,0
BRDA:63,1,1,0
BRDA:72,2,0,0
BRDA:72,2,1,0
BRDA:73,3,0,0
BRDA:73,3,1,0
BRDA:74,4,0,0
BRDA:74,4,1,0
BRDA:75,5,0,0
BRDA:75,5,1,0
BRDA:75,6,0,0
BRDA:75,6,1,0
BRDA:80,7,0,0
BRDA:80,7,1,0
BRDA:85,8,0,0
BRDA:85,8,1,0
BRDA:86,9,0,0
BRDA:86,9,1,0
BRDA:90,10,0,0
BRDA:90,10,1,0
BRDA:95,11,0,0
BRDA:95,11,1,0
BRDA:96,12,0,0
BRDA:96,12,1,0
BRDA:110,13,0,0
BRDA:110,13,1,0
BRDA:120,14,0,0
BRDA:120,14,1,0
BRDA:121,15,0,0
BRDA:121,15,1,0
BRDA:122,16,0,0
BRDA:122,16,1,0
BRDA:127,17,0,0
BRDA:127,17,1,0
BRDA:136,18,0,0
BRDA:136,18,1,0
BRDA:136,19,0,0
BRDA:136,19,1,0
BRDA:152,20,0,0
BRDA:152,20,1,0
BRDA:154,21,0,0
BRDA:154,21,1,0
BRDA:156,22,0,0
BRDA:156,22,1,0
BRDA:186,23,0,0
BRDA:186,23,1,0
BRDA:187,24,0,0
BRDA:187,24,1,0
BRDA:213,25,0,0
BRDA:213,25,1,0
BRDA:236,26,0,0
BRDA:236,26,1,0
BRDA:239,27,0,0
BRDA:239,27,1,0
BRF:56
BRH:0
end_of_record
TN:
SF:js/unidades-multiplos-chamados.js
FN:47,fmtDate
FN:52,escapeHtml
FN:61,carregar
FN:68,getUnidadesComMultiplosChamados
FN:72,(anonymous_4)
FN:82,(anonymous_5)
FN:83,(anonymous_6)
FN:85,(anonymous_7)
FN:88,(anonymous_8)
FN:90,(anonymous_9)
FN:105,render
FN:108,(anonymous_11)
FN:126,(anonymous_12)
FN:154,(anonymous_13)
FN:188,toggleUnidade
FN:204,abrirChamado
FN:248,fecharChamadoModal
FN:258,(anonymous_17)
FN:261,(anonymous_18)
FN:267,(anonymous_19)
FNF:20
FNH:0
FNDA:0,fmtDate
FNDA:0,escapeHtml
FNDA:0,carregar
FNDA:0,getUnidadesComMultiplosChamados
FNDA:0,(anonymous_4)
FNDA:0,(anonymous_5)
FNDA:0,(anonymous_6)
FNDA:0,(anonymous_7)
FNDA:0,(anonymous_8)
FNDA:0,(anonymous_9)
FNDA:0,render
FNDA:0,(anonymous_11)
FNDA:0,(anonymous_12)
FNDA:0,(anonymous_13)
FNDA:0,toggleUnidade
FNDA:0,abrirChamado
FNDA:0,fecharChamadoModal
FNDA:0,(anonymous_17)
FNDA:0,(anonymous_18)
FNDA:0,(anonymous_19)
DA:1,0
DA:2,0
DA:3,0
DA:5,0
DA:7,0
DA:48,0
DA:49,0
DA:53,0
DA:62,0
DA:63,0
DA:64,0
DA:65,0
DA:70,0
DA:72,0
DA:73,0
DA:74,0
DA:75,0
DA:77,0
DA:81,0
DA:82,0
DA:83,0
DA:85,0
DA:88,0
DA:92,0
DA:93,0
DA:95,0
DA:96,0
DA:99,0
DA:102,0
DA:106,0
DA:107,0
DA:108,0
DA:110,0
DA:113,0
DA:115,0
DA:116,0
DA:123,0
DA:126,0
DA:127,0
DA:128,0
DA:129,0
DA:131,0
DA:155,0
DA:156,0
DA:157,0
DA:158,0
DA:160,0
DA:189,0
DA:190,0
DA:192,0
DA:194,0
DA:195,0
DA:198,0
DA:199,0
DA:205,0
DA:206,0
DA:207,0
DA:208,0
DA:209,0
DA:211,0
DA:244,0
DA:245,0
DA:249,0
DA:250,0
DA:251,0
DA:254,0
DA:255,0
DA:257,0
DA:258,0
DA:259,0
DA:261,0
DA:262,0
DA:266,0
DA:267,0
DA:270,0
LF:75
LH:0
BRDA:53,0,0,0
BRDA:53,0,1,0
BRDA:63,1,0,0
BRDA:63,1,1,0
BRDA:73,2,0,0
BRDA:73,2,1,0
BRDA:74,3,0,0
BRDA:74,3,1,0
BRDA:88,4,0,0
BRDA:88,4,1,0
BRDA:92,5,0,0
BRDA:92,5,1,0
BRDA:93,6,0,0
BRDA:93,6,1,0
BRDA:95,7,0,0
BRDA:95,7,1,0
BRDA:95,8,0,0
BRDA:95,8,1,0
BRDA:96,9,0,0
BRDA:96,9,1,0
BRDA:96,10,0,0
BRDA:96,10,1,0
BRDA:115,11,0,0
BRDA:115,11,1,0
BRDA:127,12,0,0
BRDA:127,12,1,0
BRDA:145,13,0,0
BRDA:145,13,1,0
BRDA:153,14,0,0
BRDA:153,14,1,0
BRDA:155,15,0,0
BRDA:155,15,1,0
BRDA:156,16,0,0
BRDA:156,16,1,0
BRDA:157,17,0,0
BRDA:157,17,1,0
BRDA:175,18,0,0
BRDA:175,18,1,0
BRDA:192,19,0,0
BRDA:192,19,1,0
BRDA:208,20,0,0
BRDA:208,20,1,0
BRDA:209,21,0,0
BRDA:209,21,1,0
BRDA:235,22,0,0
BRDA:235,22,1,0
BRDA:259,23,0,0
BRDA:259,23,1,0
BRDA:262,24,0,0
BRDA:262,24,1,0
BRF:50
BRH:0
end_of_record
